Using pre-set license
Built from '2020.3/staging' branch; Version is '2020.3.6f1 (338bb68529b2) revision 3378102'; Using compiler version '192528614'; Build Type 'Release'
OS: 'Windows 10 Home; OS build 19042.985; Version 2009; 64bit' Language: 'ca' Physical Memory: 16216 MB
BatchMode: 1, IsHumanControllingUs: 0, StartBugReporterOnCrash: 0, Is64bit: 1, IsPro: 0

 COMMAND LINE ARGUMENTS:
C:\Program Files\Unity\Hub\Editor\2020.3.6f1\Editor\Unity.exe
-adb2
-batchMode
-noUpm
-name
AssetImportWorker0
-projectPath
C:/Users/Jordi/Documents/GitHub/Overcooked/Sofregit
-logFile
Logs/AssetImportWorker0.log
-srvPort
52079
Successfully changed project path to: C:/Users/Jordi/Documents/GitHub/Overcooked/Sofregit
C:/Users/Jordi/Documents/GitHub/Overcooked/Sofregit
Using Asset Import Pipeline V2.
Refreshing native plugins compatible for Editor in 24.99 ms, found 0 plugins.
Preloading 0 native plugins for Editor in 0.00 ms.
Initialize engine version: 2020.3.6f1 (338bb68529b2)
[Subsystems] Discovering subsystems at path C:/Program Files/Unity/Hub/Editor/2020.3.6f1/Editor/Data/Resources/UnitySubsystems
[Subsystems] Discovering subsystems at path C:/Users/Jordi/Documents/GitHub/Overcooked/Sofregit/Assets
GfxDevice: creating device client; threaded=0
Direct3D:
    Version:  Direct3D 11.0 [level 11.1]
    Renderer: NVIDIA GeForce MX250 (ID=0x1d13)
    Vendor:   
    VRAM:     1983 MB
    Driver:   26.21.14.4145
Initialize mono
Mono path[0] = 'C:/Program Files/Unity/Hub/Editor/2020.3.6f1/Editor/Data/Managed'
Mono path[1] = 'C:/Program Files/Unity/Hub/Editor/2020.3.6f1/Editor/Data/MonoBleedingEdge/lib/mono/unityjit'
Mono config path = 'C:/Program Files/Unity/Hub/Editor/2020.3.6f1/Editor/Data/MonoBleedingEdge/etc'
Using monoOptions --debugger-agent=transport=dt_socket,embedding=1,server=y,suspend=n,address=127.0.0.1:56672
Begin MonoManager ReloadAssembly
Registering precompiled unity dll's ...
Register platform support module: C:/Program Files/Unity/Hub/Editor/2020.3.6f1/Editor/Data/PlaybackEngines/WindowsStandaloneSupport/UnityEditor.WindowsStandalone.Extensions.dll
Registered in 0.001368 seconds.
Native extension for WindowsStandalone target not found
Refreshing native plugins compatible for Editor in 24.07 ms, found 0 plugins.
Preloading 0 native plugins for Editor in 0.00 ms.
Mono: successfully reloaded assembly
- Completed reload, in  0.812 seconds
Platform modules already initialized, skipping
Registering precompiled user dll's ...
Registered in 0.000546 seconds.
Begin MonoManager ReloadAssembly
Native extension for WindowsStandalone target not found
Refreshing native plugins compatible for Editor in 0.27 ms, found 0 plugins.
Preloading 0 native plugins for Editor in 0.00 ms.
Mono: successfully reloaded assembly
- Completed reload, in  0.676 seconds
Platform modules already initialized, skipping
========================================================================
Worker process is ready to serve import requests
Launched and connected shader compiler UnityShaderCompiler.exe after 0.03 seconds
Refreshing native plugins compatible for Editor in 0.31 ms, found 0 plugins.
Preloading 0 native plugins for Editor in 0.00 ms.
Unloading 1201 Unused Serialized files (Serialized files now loaded: 0)
System memory in use before: 77.0 MB.
System memory in use after: 77.1 MB.

Unloading 9 unused Assets to reduce memory usage. Loaded Objects now: 1669.
Total: 1.676700 ms (FindLiveObjects: 0.180000 ms CreateObjectMapping: 0.075800 ms MarkObjects: 1.339200 ms  DeleteObjects: 0.080900 ms)

========================================================================
Received Import Request.
  path: Assets/Scenes/Level1.unity
  artifactKey: Guid(b5a23c5e60050a24da73ceba21634cb9) Importer(815301076,1909f56bfc062723c751e8b465ee728b)
Start importing Assets/Scenes/Level1.unity using Guid(b5a23c5e60050a24da73ceba21634cb9) Importer(815301076,1909f56bfc062723c751e8b465ee728b)  -> (artifact id: '4c04afd57da6028edc0f33c8875b1a6d') in 0.008974 seconds
  Import took 0.010865 seconds .

========================================================================
Received Import Request.
  Time since last request: 194.274176 seconds.
  path: Assets/Prefabs/ChibiBase.prefab
  artifactKey: Guid(23a2d31795d931f45bcb5fb510f71af3) Importer(815301076,1909f56bfc062723c751e8b465ee728b)
Start importing Assets/Prefabs/ChibiBase.prefab using Guid(23a2d31795d931f45bcb5fb510f71af3) Importer(815301076,1909f56bfc062723c751e8b465ee728b)  -> (artifact id: 'd0b50dadf00936e588a1a0c65cd6133c') in 0.208533 seconds
  Import took 0.212893 seconds .

========================================================================
Received Prepare
Registering precompiled user dll's ...
Registered in 0.000751 seconds.
Begin MonoManager ReloadAssembly
Native extension for WindowsStandalone target not found
Refreshing native plugins compatible for Editor in 0.46 ms, found 0 plugins.
Preloading 0 native plugins for Editor in 0.00 ms.
Mono: successfully reloaded assembly
- Completed reload, in  1.195 seconds
Platform modules already initialized, skipping
Refreshing native plugins compatible for Editor in 0.83 ms, found 0 plugins.
Preloading 0 native plugins for Editor in 0.00 ms.
Unloading 1183 Unused Serialized files (Serialized files now loaded: 0)
System memory in use before: 92.3 MB.
System memory in use after: 92.4 MB.

Unloading 4 unused Assets to reduce memory usage. Loaded Objects now: 1680.
Total: 3.174200 ms (FindLiveObjects: 0.158800 ms CreateObjectMapping: 0.048800 ms MarkObjects: 2.950500 ms  DeleteObjects: 0.014100 ms)

========================================================================
Received Import Request.
  Time since last request: 23.246158 seconds.
  path: Assets/Prefabs/ChibiBase.prefab
  artifactKey: Guid(23a2d31795d931f45bcb5fb510f71af3) Importer(815301076,1909f56bfc062723c751e8b465ee728b)
Start importing Assets/Prefabs/ChibiBase.prefab using Guid(23a2d31795d931f45bcb5fb510f71af3) Importer(815301076,1909f56bfc062723c751e8b465ee728b)  -> (artifact id: 'f0a4d3b186d52e007a55c07e853b196f') in 0.092618 seconds
  Import took 0.097330 seconds .

========================================================================
Received Import Request.
  Time since last request: 13.570177 seconds.
  path: Assets/Scripts/moveCharacter.cs
  artifactKey: Guid(387a93ceaec3f794e9aa52f8b3b4bda9) Importer(815301076,1909f56bfc062723c751e8b465ee728b)
Start importing Assets/Scripts/moveCharacter.cs using Guid(387a93ceaec3f794e9aa52f8b3b4bda9) Importer(815301076,1909f56bfc062723c751e8b465ee728b)  -> (artifact id: 'bf4c20b38b709d9c0ad4eb3f261d2d31') in 0.011487 seconds
  Import took 0.013878 seconds .

========================================================================
Received Prepare
Registering precompiled user dll's ...
Registered in 0.000580 seconds.
Begin MonoManager ReloadAssembly
Native extension for WindowsStandalone target not found
Refreshing native plugins compatible for Editor in 0.25 ms, found 0 plugins.
Preloading 0 native plugins for Editor in 0.00 ms.
Mono: successfully reloaded assembly
- Completed reload, in  0.731 seconds
Platform modules already initialized, skipping
Refreshing native plugins compatible for Editor in 0.27 ms, found 0 plugins.
Preloading 0 native plugins for Editor in 0.00 ms.
Unloading 1183 Unused Serialized files (Serialized files now loaded: 0)
System memory in use before: 92.4 MB.
System memory in use after: 92.4 MB.

Unloading 4 unused Assets to reduce memory usage. Loaded Objects now: 1684.
Total: 1.558700 ms (FindLiveObjects: 0.196900 ms CreateObjectMapping: 0.043100 ms MarkObjects: 1.287500 ms  DeleteObjects: 0.030300 ms)

========================================================================
Received Import Request.
  Time since last request: 112.232648 seconds.
  path: Assets/Scripts/tableScript.cs
  artifactKey: Guid(55e957a40ab4d804f8e237d9ba1c13e7) Importer(815301076,1909f56bfc062723c751e8b465ee728b)
Start importing Assets/Scripts/tableScript.cs using Guid(55e957a40ab4d804f8e237d9ba1c13e7) Importer(815301076,1909f56bfc062723c751e8b465ee728b)  -> (artifact id: '959e76a01f1eba0b4eb486d783885a3b') in 0.019785 seconds
  Import took 0.022123 seconds .

========================================================================
Received Import Request.
  Time since last request: 0.015822 seconds.
  path: Assets/Scripts/tableScript.cs
  artifactKey: Guid(55e957a40ab4d804f8e237d9ba1c13e7) Importer(815301076,1909f56bfc062723c751e8b465ee728b)
Start importing Assets/Scripts/tableScript.cs using Guid(55e957a40ab4d804f8e237d9ba1c13e7) Importer(815301076,1909f56bfc062723c751e8b465ee728b)  -> (artifact id: '959e76a01f1eba0b4eb486d783885a3b') in 0.002625 seconds
  Import took 0.005185 seconds .

========================================================================
Received Import Request.
  Time since last request: 9.699189 seconds.
  path: Assets/Scripts/moveCharacter.cs
  artifactKey: Guid(387a93ceaec3f794e9aa52f8b3b4bda9) Importer(815301076,1909f56bfc062723c751e8b465ee728b)
Start importing Assets/Scripts/moveCharacter.cs using Guid(387a93ceaec3f794e9aa52f8b3b4bda9) Importer(815301076,1909f56bfc062723c751e8b465ee728b)  -> (artifact id: 'd72236f1a0ca2511d3c74c36983ae3be') in 0.002930 seconds
  Import took 0.005212 seconds .

========================================================================
Received Import Request.
  Time since last request: 0.002322 seconds.
  path: Assets/Scripts/moveCharacter.cs
  artifactKey: Guid(387a93ceaec3f794e9aa52f8b3b4bda9) Importer(815301076,1909f56bfc062723c751e8b465ee728b)
Start importing Assets/Scripts/moveCharacter.cs using Guid(387a93ceaec3f794e9aa52f8b3b4bda9) Importer(815301076,1909f56bfc062723c751e8b465ee728b)  -> (artifact id: 'd72236f1a0ca2511d3c74c36983ae3be') in 0.003920 seconds
  Import took 0.008891 seconds .

========================================================================
Received Import Request.
  Time since last request: 72.741368 seconds.
  path: Assets/Animations/characterAnimator.controller
  artifactKey: Guid(212d83ca61625554ab84a28db24f4f24) Importer(815301076,1909f56bfc062723c751e8b465ee728b)
Start importing Assets/Animations/characterAnimator.controller using Guid(212d83ca61625554ab84a28db24f4f24) Importer(815301076,1909f56bfc062723c751e8b465ee728b)  -> (artifact id: '90f8a8346c83b69455c4d4fad9bb4fa6') in 0.023291 seconds
  Import took 0.026989 seconds .

========================================================================
Received Import Request.
  Time since last request: 0.001700 seconds.
  path: Assets/Animations/characterAnimator.controller
  artifactKey: Guid(212d83ca61625554ab84a28db24f4f24) Importer(815301076,1909f56bfc062723c751e8b465ee728b)
Start importing Assets/Animations/characterAnimator.controller using Guid(212d83ca61625554ab84a28db24f4f24) Importer(815301076,1909f56bfc062723c751e8b465ee728b)  -> (artifact id: '90f8a8346c83b69455c4d4fad9bb4fa6') in 0.005875 seconds
  Import took 0.008856 seconds .

========================================================================
Received Prepare
Registering precompiled user dll's ...
Registered in 0.000504 seconds.
Begin MonoManager ReloadAssembly
Native extension for WindowsStandalone target not found
Refreshing native plugins compatible for Editor in 0.26 ms, found 0 plugins.
Preloading 0 native plugins for Editor in 0.00 ms.
Mono: successfully reloaded assembly
- Completed reload, in  0.651 seconds
Platform modules already initialized, skipping
Refreshing native plugins compatible for Editor in 0.30 ms, found 0 plugins.
Preloading 0 native plugins for Editor in 0.00 ms.
Unloading 1183 Unused Serialized files (Serialized files now loaded: 0)
System memory in use before: 92.4 MB.
System memory in use after: 92.5 MB.

Unloading 4 unused Assets to reduce memory usage. Loaded Objects now: 1687.
Total: 11.509500 ms (FindLiveObjects: 1.103500 ms CreateObjectMapping: 2.213800 ms MarkObjects: 8.127900 ms  DeleteObjects: 0.054500 ms)

========================================================================
Received Prepare
Registering precompiled user dll's ...
Registered in 0.000738 seconds.
Begin MonoManager ReloadAssembly
Native extension for WindowsStandalone target not found
Refreshing native plugins compatible for Editor in 0.63 ms, found 0 plugins.
Preloading 0 native plugins for Editor in 0.00 ms.
Mono: successfully reloaded assembly
- Completed reload, in  1.191 seconds
Platform modules already initialized, skipping
Refreshing native plugins compatible for Editor in 0.67 ms, found 0 plugins.
Preloading 0 native plugins for Editor in 0.00 ms.
Unloading 1183 Unused Serialized files (Serialized files now loaded: 0)
System memory in use before: 92.4 MB.
System memory in use after: 92.5 MB.

Unloading 4 unused Assets to reduce memory usage. Loaded Objects now: 1690.
Total: 3.865300 ms (FindLiveObjects: 0.495700 ms CreateObjectMapping: 0.127400 ms MarkObjects: 3.215700 ms  DeleteObjects: 0.023600 ms)

========================================================================
Received Prepare
Registering precompiled user dll's ...
Registered in 0.000608 seconds.
Begin MonoManager ReloadAssembly
Native extension for WindowsStandalone target not found
Refreshing native plugins compatible for Editor in 0.26 ms, found 0 plugins.
Preloading 0 native plugins for Editor in 0.00 ms.
Mono: successfully reloaded assembly
- Completed reload, in  0.689 seconds
Platform modules already initialized, skipping
Refreshing native plugins compatible for Editor in 0.45 ms, found 0 plugins.
Preloading 0 native plugins for Editor in 0.00 ms.
Unloading 1183 Unused Serialized files (Serialized files now loaded: 0)
System memory in use before: 92.4 MB.
System memory in use after: 92.5 MB.

Unloading 4 unused Assets to reduce memory usage. Loaded Objects now: 1693.
Total: 1.683300 ms (FindLiveObjects: 0.208400 ms CreateObjectMapping: 0.071900 ms MarkObjects: 1.389700 ms  DeleteObjects: 0.012300 ms)

========================================================================
Received Import Request.
  Time since last request: 673.265007 seconds.
  path: Assets/Prefabs/ChibiBase.prefab
  artifactKey: Guid(23a2d31795d931f45bcb5fb510f71af3) Importer(815301076,1909f56bfc062723c751e8b465ee728b)
Start importing Assets/Prefabs/ChibiBase.prefab using Guid(23a2d31795d931f45bcb5fb510f71af3) Importer(815301076,1909f56bfc062723c751e8b465ee728b)  -> (artifact id: 'd98b0481fb53e016a73c74f7556d8a2e') in 0.055862 seconds
  Import took 0.058381 seconds .

========================================================================
Received Prepare
Registering precompiled user dll's ...
Registered in 0.000588 seconds.
Begin MonoManager ReloadAssembly
Native extension for WindowsStandalone target not found
Refreshing native plugins compatible for Editor in 0.26 ms, found 0 plugins.
Preloading 0 native plugins for Editor in 0.00 ms.
Mono: successfully reloaded assembly
- Completed reload, in  0.641 seconds
Platform modules already initialized, skipping
Refreshing native plugins compatible for Editor in 0.30 ms, found 0 plugins.
Preloading 0 native plugins for Editor in 0.00 ms.
Unloading 1183 Unused Serialized files (Serialized files now loaded: 0)
System memory in use before: 92.4 MB.
System memory in use after: 92.5 MB.

Unloading 4 unused Assets to reduce memory usage. Loaded Objects now: 1697.
Total: 1.750900 ms (FindLiveObjects: 0.197200 ms CreateObjectMapping: 0.048200 ms MarkObjects: 1.491300 ms  DeleteObjects: 0.012400 ms)

========================================================================
Received Import Request.
  Time since last request: 6.105794 seconds.
  path: Assets/Prefabs/ChibiBase.prefab
  artifactKey: Guid(23a2d31795d931f45bcb5fb510f71af3) Importer(815301076,1909f56bfc062723c751e8b465ee728b)
Start importing Assets/Prefabs/ChibiBase.prefab using Guid(23a2d31795d931f45bcb5fb510f71af3) Importer(815301076,1909f56bfc062723c751e8b465ee728b)  -> (artifact id: '1b3b0c6744359b03ec31d4c11da6e212') in 0.053378 seconds
  Import took 0.055798 seconds .

========================================================================
Received Prepare
Registering precompiled user dll's ...
Registered in 0.000693 seconds.
Begin MonoManager ReloadAssembly
Native extension for WindowsStandalone target not found
Refreshing native plugins compatible for Editor in 0.26 ms, found 0 plugins.
Preloading 0 native plugins for Editor in 0.00 ms.
Mono: successfully reloaded assembly
- Completed reload, in  0.732 seconds
Platform modules already initialized, skipping
Refreshing native plugins compatible for Editor in 0.27 ms, found 0 plugins.
Preloading 0 native plugins for Editor in 0.00 ms.
Unloading 1183 Unused Serialized files (Serialized files now loaded: 0)
System memory in use before: 92.4 MB.
System memory in use after: 92.5 MB.

Unloading 4 unused Assets to reduce memory usage. Loaded Objects now: 1701.
Total: 1.562700 ms (FindLiveObjects: 0.195600 ms CreateObjectMapping: 0.057000 ms MarkObjects: 1.298700 ms  DeleteObjects: 0.010600 ms)

========================================================================
Received Prepare
Registering precompiled user dll's ...
Registered in 0.000714 seconds.
Begin MonoManager ReloadAssembly
Native extension for WindowsStandalone target not found
Refreshing native plugins compatible for Editor in 0.32 ms, found 0 plugins.
Preloading 0 native plugins for Editor in 0.00 ms.
Mono: successfully reloaded assembly
- Completed reload, in  0.730 seconds
Platform modules already initialized, skipping
Refreshing native plugins compatible for Editor in 0.32 ms, found 0 plugins.
Preloading 0 native plugins for Editor in 0.00 ms.
Unloading 1183 Unused Serialized files (Serialized files now loaded: 0)
System memory in use before: 92.4 MB.
System memory in use after: 92.5 MB.

Unloading 4 unused Assets to reduce memory usage. Loaded Objects now: 1704.
Total: 2.586200 ms (FindLiveObjects: 0.265800 ms CreateObjectMapping: 0.093100 ms MarkObjects: 2.204400 ms  DeleteObjects: 0.020900 ms)

========================================================================
Received Prepare
Registering precompiled user dll's ...
Registered in 0.001026 seconds.
Begin MonoManager ReloadAssembly
Native extension for WindowsStandalone target not found
Refreshing native plugins compatible for Editor in 0.26 ms, found 0 plugins.
Preloading 0 native plugins for Editor in 0.00 ms.
Mono: successfully reloaded assembly
- Completed reload, in  0.821 seconds
Platform modules already initialized, skipping
Refreshing native plugins compatible for Editor in 0.26 ms, found 0 plugins.
Preloading 0 native plugins for Editor in 0.00 ms.
Unloading 1183 Unused Serialized files (Serialized files now loaded: 0)
System memory in use before: 92.4 MB.
System memory in use after: 92.5 MB.

Unloading 4 unused Assets to reduce memory usage. Loaded Objects now: 1707.
Total: 1.498600 ms (FindLiveObjects: 0.161500 ms CreateObjectMapping: 0.059900 ms MarkObjects: 1.265400 ms  DeleteObjects: 0.010400 ms)

========================================================================
Received Prepare
Registering precompiled user dll's ...
Registered in 0.000964 seconds.
Begin MonoManager ReloadAssembly
Native extension for WindowsStandalone target not found
Refreshing native plugins compatible for Editor in 0.39 ms, found 0 plugins.
Preloading 0 native plugins for Editor in 0.00 ms.
Mono: successfully reloaded assembly
- Completed reload, in  1.665 seconds
Platform modules already initialized, skipping
Refreshing native plugins compatible for Editor in 0.74 ms, found 0 plugins.
Preloading 0 native plugins for Editor in 0.00 ms.
Unloading 1183 Unused Serialized files (Serialized files now loaded: 0)
System memory in use before: 92.4 MB.
System memory in use after: 92.5 MB.

Unloading 4 unused Assets to reduce memory usage. Loaded Objects now: 1710.
Total: 3.865900 ms (FindLiveObjects: 0.239800 ms CreateObjectMapping: 0.058700 ms MarkObjects: 3.536900 ms  DeleteObjects: 0.027800 ms)

========================================================================
Received Import Request.
  Time since last request: 914.994075 seconds.
  path: Assets/Simple Vehicle Pack/Prefabs
  artifactKey: Guid(24f2c341cec0b5449866cc1e55270d79) Importer(815301076,1909f56bfc062723c751e8b465ee728b)
Start importing Assets/Simple Vehicle Pack/Prefabs using Guid(24f2c341cec0b5449866cc1e55270d79) Importer(815301076,1909f56bfc062723c751e8b465ee728b)  -> (artifact id: 'd2d98259251b508b784f9521b247b9fc') in 0.008407 seconds
  Import took 0.010953 seconds .

========================================================================
Received Prepare
Registering precompiled user dll's ...
Registered in 0.000878 seconds.
Begin MonoManager ReloadAssembly
Native extension for WindowsStandalone target not found
Refreshing native plugins compatible for Editor in 0.71 ms, found 0 plugins.
Preloading 0 native plugins for Editor in 0.00 ms.
Mono: successfully reloaded assembly
- Completed reload, in  2.168 seconds
Platform modules already initialized, skipping
Refreshing native plugins compatible for Editor in 0.47 ms, found 0 plugins.
Preloading 0 native plugins for Editor in 0.00 ms.
Unloading 1184 Unused Serialized files (Serialized files now loaded: 0)
System memory in use before: 92.5 MB.
System memory in use after: 92.6 MB.

Unloading 4 unused Assets to reduce memory usage. Loaded Objects now: 1714.
Total: 2.988300 ms (FindLiveObjects: 0.371200 ms CreateObjectMapping: 0.138000 ms MarkObjects: 2.444600 ms  DeleteObjects: 0.030800 ms)

========================================================================
Received Import Request.
  Time since last request: 373.713077 seconds.
  path: Assets/Scripts/AutoMove.cs
  artifactKey: Guid(677b25667456bc54d886ddbc40ba5df0) Importer(815301076,1909f56bfc062723c751e8b465ee728b)
Start importing Assets/Scripts/AutoMove.cs using Guid(677b25667456bc54d886ddbc40ba5df0) Importer(815301076,1909f56bfc062723c751e8b465ee728b)  -> (artifact id: '8886d99e2cdd10ca9c536b927eb974f7') in 0.021865 seconds
  Import took 0.027947 seconds .

========================================================================
Received Prepare
Registering precompiled user dll's ...
Registered in 0.000930 seconds.
Begin MonoManager ReloadAssembly
Native extension for WindowsStandalone target not found
Refreshing native plugins compatible for Editor in 0.68 ms, found 0 plugins.
Preloading 0 native plugins for Editor in 0.00 ms.
Mono: successfully reloaded assembly
- Completed reload, in  1.139 seconds
Platform modules already initialized, skipping
Refreshing native plugins compatible for Editor in 0.44 ms, found 0 plugins.
Preloading 0 native plugins for Editor in 0.00 ms.
Unloading 1184 Unused Serialized files (Serialized files now loaded: 0)
System memory in use before: 92.5 MB.
System memory in use after: 92.6 MB.

Unloading 4 unused Assets to reduce memory usage. Loaded Objects now: 1717.
Total: 5.333200 ms (FindLiveObjects: 1.265100 ms CreateObjectMapping: 0.826100 ms MarkObjects: 3.218200 ms  DeleteObjects: 0.021100 ms)

========================================================================
Received Prepare
Registering precompiled user dll's ...
Registered in 0.000712 seconds.
Begin MonoManager ReloadAssembly
Native extension for WindowsStandalone target not found
Refreshing native plugins compatible for Editor in 0.32 ms, found 0 plugins.
Preloading 0 native plugins for Editor in 0.00 ms.
Mono: successfully reloaded assembly
- Completed reload, in  0.701 seconds
Platform modules already initialized, skipping
Refreshing native plugins compatible for Editor in 0.29 ms, found 0 plugins.
Preloading 0 native plugins for Editor in 0.00 ms.
Unloading 1184 Unused Serialized files (Serialized files now loaded: 0)
System memory in use before: 92.5 MB.
System memory in use after: 92.6 MB.

Unloading 4 unused Assets to reduce memory usage. Loaded Objects now: 1720.
Total: 1.622900 ms (FindLiveObjects: 0.198400 ms CreateObjectMapping: 0.056400 ms MarkObjects: 1.354800 ms  DeleteObjects: 0.012300 ms)

========================================================================
Received Import Request.
  Time since last request: 138.022824 seconds.
  path: Assets/Scripts/AutoMove.cs
  artifactKey: Guid(677b25667456bc54d886ddbc40ba5df0) Importer(815301076,1909f56bfc062723c751e8b465ee728b)
Start importing Assets/Scripts/AutoMove.cs using Guid(677b25667456bc54d886ddbc40ba5df0) Importer(815301076,1909f56bfc062723c751e8b465ee728b)  -> (artifact id: '284652f3e09dae65d9fbced0c02537a5') in 0.004133 seconds
  Import took 0.006166 seconds .

========================================================================
Received Prepare
Registering precompiled user dll's ...
Registered in 0.000639 seconds.
Begin MonoManager ReloadAssembly
Native extension for WindowsStandalone target not found
Refreshing native plugins compatible for Editor in 0.29 ms, found 0 plugins.
Preloading 0 native plugins for Editor in 0.00 ms.
Mono: successfully reloaded assembly
- Completed reload, in  0.714 seconds
Platform modules already initialized, skipping
Refreshing native plugins compatible for Editor in 0.28 ms, found 0 plugins.
Preloading 0 native plugins for Editor in 0.00 ms.
Unloading 1184 Unused Serialized files (Serialized files now loaded: 0)
System memory in use before: 92.5 MB.
System memory in use after: 92.6 MB.

Unloading 4 unused Assets to reduce memory usage. Loaded Objects now: 1723.
Total: 1.830500 ms (FindLiveObjects: 0.279100 ms CreateObjectMapping: 0.078800 ms MarkObjects: 1.458700 ms  DeleteObjects: 0.012700 ms)

========================================================================
Received Prepare
Registering precompiled user dll's ...
Registered in 0.000657 seconds.
Begin MonoManager ReloadAssembly
Native extension for WindowsStandalone target not found
Refreshing native plugins compatible for Editor in 0.26 ms, found 0 plugins.
Preloading 0 native plugins for Editor in 0.00 ms.
Mono: successfully reloaded assembly
- Completed reload, in  0.703 seconds
Platform modules already initialized, skipping
Refreshing native plugins compatible for Editor in 0.29 ms, found 0 plugins.
Preloading 0 native plugins for Editor in 0.00 ms.
Unloading 1184 Unused Serialized files (Serialized files now loaded: 0)
System memory in use before: 92.5 MB.
System memory in use after: 92.6 MB.

Unloading 4 unused Assets to reduce memory usage. Loaded Objects now: 1726.
Total: 2.145700 ms (FindLiveObjects: 0.354300 ms CreateObjectMapping: 0.056300 ms MarkObjects: 1.716500 ms  DeleteObjects: 0.017400 ms)

========================================================================
Received Prepare
Registering precompiled user dll's ...
Registered in 0.000893 seconds.
Begin MonoManager ReloadAssembly
Native extension for WindowsStandalone target not found
Refreshing native plugins compatible for Editor in 0.26 ms, found 0 plugins.
Preloading 0 native plugins for Editor in 0.00 ms.
Mono: successfully reloaded assembly
- Completed reload, in  0.695 seconds
Platform modules already initialized, skipping
Refreshing native plugins compatible for Editor in 0.27 ms, found 0 plugins.
Preloading 0 native plugins for Editor in 0.00 ms.
Unloading 1184 Unused Serialized files (Serialized files now loaded: 0)
System memory in use before: 92.5 MB.
System memory in use after: 92.6 MB.

Unloading 4 unused Assets to reduce memory usage. Loaded Objects now: 1729.
Total: 1.834800 ms (FindLiveObjects: 0.168400 ms CreateObjectMapping: 0.090500 ms MarkObjects: 1.563300 ms  DeleteObjects: 0.011700 ms)

========================================================================
Received Prepare
Registering precompiled user dll's ...
Registered in 0.001191 seconds.
Begin MonoManager ReloadAssembly
Native extension for WindowsStandalone target not found
Refreshing native plugins compatible for Editor in 0.26 ms, found 0 plugins.
Preloading 0 native plugins for Editor in 0.00 ms.
Mono: successfully reloaded assembly
- Completed reload, in  0.698 seconds
Platform modules already initialized, skipping
Refreshing native plugins compatible for Editor in 0.27 ms, found 0 plugins.
Preloading 0 native plugins for Editor in 0.00 ms.
Unloading 1184 Unused Serialized files (Serialized files now loaded: 0)
System memory in use before: 92.5 MB.
System memory in use after: 92.6 MB.

Unloading 4 unused Assets to reduce memory usage. Loaded Objects now: 1732.
Total: 2.072000 ms (FindLiveObjects: 0.266000 ms CreateObjectMapping: 0.086100 ms MarkObjects: 1.703700 ms  DeleteObjects: 0.015300 ms)

========================================================================
Received Prepare
Registering precompiled user dll's ...
Registered in 0.001353 seconds.
Begin MonoManager ReloadAssembly
Native extension for WindowsStandalone target not found
Refreshing native plugins compatible for Editor in 0.25 ms, found 0 plugins.
Preloading 0 native plugins for Editor in 0.00 ms.
Mono: successfully reloaded assembly
- Completed reload, in  0.627 seconds
Platform modules already initialized, skipping
Refreshing native plugins compatible for Editor in 0.47 ms, found 0 plugins.
Preloading 0 native plugins for Editor in 0.00 ms.
Unloading 1184 Unused Serialized files (Serialized files now loaded: 0)
System memory in use before: 92.5 MB.
System memory in use after: 92.6 MB.

Unloading 4 unused Assets to reduce memory usage. Loaded Objects now: 1735.
Total: 2.272800 ms (FindLiveObjects: 0.488500 ms CreateObjectMapping: 0.078200 ms MarkObjects: 1.688400 ms  DeleteObjects: 0.015600 ms)

========================================================================
Received Prepare
Registering precompiled user dll's ...
Registered in 0.000809 seconds.
Begin MonoManager ReloadAssembly
Native extension for WindowsStandalone target not found
Refreshing native plugins compatible for Editor in 0.28 ms, found 0 plugins.
Preloading 0 native plugins for Editor in 0.00 ms.
Mono: successfully reloaded assembly
- Completed reload, in  0.695 seconds
Platform modules already initialized, skipping
Refreshing native plugins compatible for Editor in 0.29 ms, found 0 plugins.
Preloading 0 native plugins for Editor in 0.00 ms.
Unloading 1184 Unused Serialized files (Serialized files now loaded: 0)
System memory in use before: 92.5 MB.
System memory in use after: 92.6 MB.

Unloading 4 unused Assets to reduce memory usage. Loaded Objects now: 1738.
Total: 2.180900 ms (FindLiveObjects: 0.235800 ms CreateObjectMapping: 0.058100 ms MarkObjects: 1.871100 ms  DeleteObjects: 0.014900 ms)

========================================================================
Received Prepare
Registering precompiled user dll's ...
Registered in 0.000879 seconds.
Begin MonoManager ReloadAssembly
Native extension for WindowsStandalone target not found
Refreshing native plugins compatible for Editor in 0.32 ms, found 0 plugins.
Preloading 0 native plugins for Editor in 0.00 ms.
Mono: successfully reloaded assembly
- Completed reload, in  0.649 seconds
Platform modules already initialized, skipping
Refreshing native plugins compatible for Editor in 0.29 ms, found 0 plugins.
Preloading 0 native plugins for Editor in 0.00 ms.
Unloading 1184 Unused Serialized files (Serialized files now loaded: 0)
System memory in use before: 92.6 MB.
System memory in use after: 92.7 MB.

Unloading 4 unused Assets to reduce memory usage. Loaded Objects now: 1741.
Total: 1.919900 ms (FindLiveObjects: 0.231500 ms CreateObjectMapping: 0.049400 ms MarkObjects: 1.609500 ms  DeleteObjects: 0.027300 ms)

========================================================================
Received Prepare
Registering precompiled user dll's ...
Registered in 0.000599 seconds.
Begin MonoManager ReloadAssembly
Native extension for WindowsStandalone target not found
Refreshing native plugins compatible for Editor in 0.30 ms, found 0 plugins.
Preloading 0 native plugins for Editor in 0.00 ms.
Mono: successfully reloaded assembly
- Completed reload, in  0.656 seconds
Platform modules already initialized, skipping
Refreshing native plugins compatible for Editor in 0.27 ms, found 0 plugins.
Preloading 0 native plugins for Editor in 0.00 ms.
Unloading 1184 Unused Serialized files (Serialized files now loaded: 0)
System memory in use before: 92.6 MB.
System memory in use after: 92.7 MB.

Unloading 4 unused Assets to reduce memory usage. Loaded Objects now: 1744.
Total: 11.047000 ms (FindLiveObjects: 0.755700 ms CreateObjectMapping: 0.266100 ms MarkObjects: 9.904800 ms  DeleteObjects: 0.114000 ms)

========================================================================
Received Prepare
Registering precompiled user dll's ...
Registered in 0.000610 seconds.
Begin MonoManager ReloadAssembly
Native extension for WindowsStandalone target not found
Refreshing native plugins compatible for Editor in 0.28 ms, found 0 plugins.
Preloading 0 native plugins for Editor in 0.00 ms.
Mono: successfully reloaded assembly
- Completed reload, in  0.716 seconds
Platform modules already initialized, skipping
Refreshing native plugins compatible for Editor in 0.31 ms, found 0 plugins.
Preloading 0 native plugins for Editor in 0.00 ms.
Unloading 1184 Unused Serialized files (Serialized files now loaded: 0)
System memory in use before: 92.6 MB.
System memory in use after: 92.7 MB.

Unloading 4 unused Assets to reduce memory usage. Loaded Objects now: 1747.
Total: 1.938100 ms (FindLiveObjects: 0.241200 ms CreateObjectMapping: 0.060100 ms MarkObjects: 1.622600 ms  DeleteObjects: 0.013100 ms)

========================================================================
Received Prepare
Registering precompiled user dll's ...
Registered in 0.000681 seconds.
Begin MonoManager ReloadAssembly
Native extension for WindowsStandalone target not found
Refreshing native plugins compatible for Editor in 0.27 ms, found 0 plugins.
Preloading 0 native plugins for Editor in 0.00 ms.
Mono: successfully reloaded assembly
- Completed reload, in  0.694 seconds
Platform modules already initialized, skipping
Refreshing native plugins compatible for Editor in 0.27 ms, found 0 plugins.
Preloading 0 native plugins for Editor in 0.00 ms.
Unloading 1184 Unused Serialized files (Serialized files now loaded: 0)
System memory in use before: 92.6 MB.
System memory in use after: 92.7 MB.

Unloading 4 unused Assets to reduce memory usage. Loaded Objects now: 1750.
Total: 1.815200 ms (FindLiveObjects: 0.274600 ms CreateObjectMapping: 0.056300 ms MarkObjects: 1.468700 ms  DeleteObjects: 0.014600 ms)

========================================================================
Received Prepare
Registering precompiled user dll's ...
Registered in 0.001126 seconds.
Begin MonoManager ReloadAssembly
Native extension for WindowsStandalone target not found
Refreshing native plugins compatible for Editor in 0.63 ms, found 0 plugins.
Preloading 0 native plugins for Editor in 0.00 ms.
Mono: successfully reloaded assembly
- Completed reload, in  1.103 seconds
Platform modules already initialized, skipping
Refreshing native plugins compatible for Editor in 0.58 ms, found 0 plugins.
Preloading 0 native plugins for Editor in 0.00 ms.
Unloading 1184 Unused Serialized files (Serialized files now loaded: 0)
System memory in use before: 92.6 MB.
System memory in use after: 92.7 MB.

Unloading 4 unused Assets to reduce memory usage. Loaded Objects now: 1753.
Total: 2.735600 ms (FindLiveObjects: 0.296100 ms CreateObjectMapping: 0.165400 ms MarkObjects: 2.214100 ms  DeleteObjects: 0.056700 ms)

========================================================================
Received Prepare
Registering precompiled user dll's ...
Registered in 0.000715 seconds.
Begin MonoManager ReloadAssembly
Native extension for WindowsStandalone target not found
Refreshing native plugins compatible for Editor in 0.26 ms, found 0 plugins.
Preloading 0 native plugins for Editor in 0.00 ms.
Mono: successfully reloaded assembly
- Completed reload, in  0.712 seconds
Platform modules already initialized, skipping
Refreshing native plugins compatible for Editor in 0.33 ms, found 0 plugins.
Preloading 0 native plugins for Editor in 0.00 ms.
Unloading 1184 Unused Serialized files (Serialized files now loaded: 0)
System memory in use before: 92.6 MB.
System memory in use after: 92.7 MB.

Unloading 4 unused Assets to reduce memory usage. Loaded Objects now: 1756.
Total: 1.882800 ms (FindLiveObjects: 0.440400 ms CreateObjectMapping: 0.114000 ms MarkObjects: 1.310100 ms  DeleteObjects: 0.016700 ms)

========================================================================
Received Prepare
Registering precompiled user dll's ...
Registered in 0.000605 seconds.
Begin MonoManager ReloadAssembly
Native extension for WindowsStandalone target not found
Refreshing native plugins compatible for Editor in 0.26 ms, found 0 plugins.
Preloading 0 native plugins for Editor in 0.00 ms.
Mono: successfully reloaded assembly
- Completed reload, in  0.607 seconds
Platform modules already initialized, skipping
Refreshing native plugins compatible for Editor in 0.26 ms, found 0 plugins.
Preloading 0 native plugins for Editor in 0.00 ms.
Unloading 1184 Unused Serialized files (Serialized files now loaded: 0)
System memory in use before: 92.6 MB.
System memory in use after: 92.7 MB.

Unloading 4 unused Assets to reduce memory usage. Loaded Objects now: 1759.
Total: 1.828400 ms (FindLiveObjects: 0.175200 ms CreateObjectMapping: 0.046700 ms MarkObjects: 1.591500 ms  DeleteObjects: 0.013200 ms)

========================================================================
Received Prepare
Registering precompiled user dll's ...
Registered in 0.000591 seconds.
Begin MonoManager ReloadAssembly
Native extension for WindowsStandalone target not found
Refreshing native plugins compatible for Editor in 0.26 ms, found 0 plugins.
Preloading 0 native plugins for Editor in 0.00 ms.
Mono: successfully reloaded assembly
- Completed reload, in  0.718 seconds
Platform modules already initialized, skipping
Refreshing native plugins compatible for Editor in 0.28 ms, found 0 plugins.
Preloading 0 native plugins for Editor in 0.00 ms.
Unloading 1184 Unused Serialized files (Serialized files now loaded: 0)
System memory in use before: 92.7 MB.
System memory in use after: 92.8 MB.

Unloading 4 unused Assets to reduce memory usage. Loaded Objects now: 1762.
Total: 2.023500 ms (FindLiveObjects: 0.228500 ms CreateObjectMapping: 0.045500 ms MarkObjects: 1.724700 ms  DeleteObjects: 0.017400 ms)

========================================================================
Received Prepare
Registering precompiled user dll's ...
Registered in 0.000702 seconds.
Begin MonoManager ReloadAssembly
Native extension for WindowsStandalone target not found
Refreshing native plugins compatible for Editor in 0.55 ms, found 0 plugins.
Preloading 0 native plugins for Editor in 0.00 ms.
Mono: successfully reloaded assembly
- Completed reload, in  0.986 seconds
Platform modules already initialized, skipping
Refreshing native plugins compatible for Editor in 0.44 ms, found 0 plugins.
Preloading 0 native plugins for Editor in 0.00 ms.
Unloading 1184 Unused Serialized files (Serialized files now loaded: 0)
System memory in use before: 92.7 MB.
System memory in use after: 92.8 MB.

Unloading 4 unused Assets to reduce memory usage. Loaded Objects now: 1765.
Total: 1.636600 ms (FindLiveObjects: 0.210500 ms CreateObjectMapping: 0.049700 ms MarkObjects: 1.364500 ms  DeleteObjects: 0.011100 ms)

========================================================================
Received Prepare
Registering precompiled user dll's ...
Registered in 0.000682 seconds.
Begin MonoManager ReloadAssembly
Native extension for WindowsStandalone target not found
Refreshing native plugins compatible for Editor in 0.49 ms, found 0 plugins.
Preloading 0 native plugins for Editor in 0.00 ms.
Mono: successfully reloaded assembly
- Completed reload, in  1.029 seconds
Platform modules already initialized, skipping
Refreshing native plugins compatible for Editor in 0.44 ms, found 0 plugins.
Preloading 0 native plugins for Editor in 0.00 ms.
Unloading 1184 Unused Serialized files (Serialized files now loaded: 0)
System memory in use before: 92.7 MB.
System memory in use after: 92.8 MB.

Unloading 4 unused Assets to reduce memory usage. Loaded Objects now: 1768.
Total: 3.209700 ms (FindLiveObjects: 0.502000 ms CreateObjectMapping: 0.223200 ms MarkObjects: 2.467900 ms  DeleteObjects: 0.014300 ms)

========================================================================
Received Prepare
Registering precompiled user dll's ...
Registered in 0.000712 seconds.
Begin MonoManager ReloadAssembly
Native extension for WindowsStandalone target not found
Refreshing native plugins compatible for Editor in 0.51 ms, found 0 plugins.
Preloading 0 native plugins for Editor in 0.00 ms.
Mono: successfully reloaded assembly
- Completed reload, in  0.979 seconds
Platform modules already initialized, skipping
Refreshing native plugins compatible for Editor in 0.76 ms, found 0 plugins.
Preloading 0 native plugins for Editor in 0.00 ms.
Unloading 1184 Unused Serialized files (Serialized files now loaded: 0)
System memory in use before: 92.7 MB.
System memory in use after: 92.8 MB.

Unloading 4 unused Assets to reduce memory usage. Loaded Objects now: 1771.
Total: 3.624900 ms (FindLiveObjects: 0.343100 ms CreateObjectMapping: 0.146900 ms MarkObjects: 3.106800 ms  DeleteObjects: 0.026100 ms)

========================================================================
Received Prepare
Registering precompiled user dll's ...
Registered in 0.000733 seconds.
Begin MonoManager ReloadAssembly
Native extension for WindowsStandalone target not found
Refreshing native plugins compatible for Editor in 0.67 ms, found 0 plugins.
Preloading 0 native plugins for Editor in 0.00 ms.
Mono: successfully reloaded assembly
- Completed reload, in  1.046 seconds
Platform modules already initialized, skipping
Refreshing native plugins compatible for Editor in 0.57 ms, found 0 plugins.
Preloading 0 native plugins for Editor in 0.00 ms.
Unloading 1184 Unused Serialized files (Serialized files now loaded: 0)
System memory in use before: 92.7 MB.
System memory in use after: 92.8 MB.

Unloading 4 unused Assets to reduce memory usage. Loaded Objects now: 1774.
Total: 3.573400 ms (FindLiveObjects: 0.386800 ms CreateObjectMapping: 0.110000 ms MarkObjects: 3.056700 ms  DeleteObjects: 0.017800 ms)

========================================================================
Received Prepare
Registering precompiled user dll's ...
Registered in 0.000645 seconds.
Begin MonoManager ReloadAssembly
Native extension for WindowsStandalone target not found
Refreshing native plugins compatible for Editor in 0.38 ms, found 0 plugins.
Preloading 0 native plugins for Editor in 0.00 ms.
Mono: successfully reloaded assembly
- Completed reload, in  0.750 seconds
Platform modules already initialized, skipping
Refreshing native plugins compatible for Editor in 0.38 ms, found 0 plugins.
Preloading 0 native plugins for Editor in 0.00 ms.
Unloading 1184 Unused Serialized files (Serialized files now loaded: 0)
System memory in use before: 92.7 MB.
System memory in use after: 92.8 MB.

Unloading 4 unused Assets to reduce memory usage. Loaded Objects now: 1777.
Total: 1.983700 ms (FindLiveObjects: 0.422400 ms CreateObjectMapping: 0.129800 ms MarkObjects: 1.415500 ms  DeleteObjects: 0.013800 ms)

========================================================================
Received Prepare
Registering precompiled user dll's ...
Registered in 0.000603 seconds.
Begin MonoManager ReloadAssembly
Native extension for WindowsStandalone target not found
Refreshing native plugins compatible for Editor in 0.29 ms, found 0 plugins.
Preloading 0 native plugins for Editor in 0.00 ms.
Mono: successfully reloaded assembly
- Completed reload, in  0.682 seconds
Platform modules already initialized, skipping
Refreshing native plugins compatible for Editor in 0.25 ms, found 0 plugins.
Preloading 0 native plugins for Editor in 0.00 ms.
Unloading 1184 Unused Serialized files (Serialized files now loaded: 0)
System memory in use before: 92.7 MB.
System memory in use after: 92.8 MB.

Unloading 4 unused Assets to reduce memory usage. Loaded Objects now: 1780.
Total: 1.979200 ms (FindLiveObjects: 0.305900 ms CreateObjectMapping: 0.100700 ms MarkObjects: 1.554900 ms  DeleteObjects: 0.015800 ms)

========================================================================
Received Prepare
Registering precompiled user dll's ...
Registered in 0.000578 seconds.
Begin MonoManager ReloadAssembly
Native extension for WindowsStandalone target not found
Refreshing native plugins compatible for Editor in 0.34 ms, found 0 plugins.
Preloading 0 native plugins for Editor in 0.00 ms.
Mono: successfully reloaded assembly
- Completed reload, in  0.694 seconds
Platform modules already initialized, skipping
Refreshing native plugins compatible for Editor in 0.27 ms, found 0 plugins.
Preloading 0 native plugins for Editor in 0.00 ms.
Unloading 1184 Unused Serialized files (Serialized files now loaded: 0)
System memory in use before: 92.7 MB.
System memory in use after: 92.8 MB.

Unloading 4 unused Assets to reduce memory usage. Loaded Objects now: 1783.
Total: 1.776800 ms (FindLiveObjects: 0.166300 ms CreateObjectMapping: 0.044600 ms MarkObjects: 1.536000 ms  DeleteObjects: 0.028900 ms)

========================================================================
Received Prepare
Registering precompiled user dll's ...
Registered in 0.000611 seconds.
Begin MonoManager ReloadAssembly
Native extension for WindowsStandalone target not found
Refreshing native plugins compatible for Editor in 0.43 ms, found 0 plugins.
Preloading 0 native plugins for Editor in 0.00 ms.
Mono: successfully reloaded assembly
- Completed reload, in  0.969 seconds
Platform modules already initialized, skipping
Refreshing native plugins compatible for Editor in 0.31 ms, found 0 plugins.
Preloading 0 native plugins for Editor in 0.00 ms.
Unloading 1184 Unused Serialized files (Serialized files now loaded: 0)
System memory in use before: 92.7 MB.
System memory in use after: 92.8 MB.

Unloading 4 unused Assets to reduce memory usage. Loaded Objects now: 1786.
Total: 3.108800 ms (FindLiveObjects: 0.260400 ms CreateObjectMapping: 0.062600 ms MarkObjects: 2.735600 ms  DeleteObjects: 0.049000 ms)

========================================================================
Received Prepare
Registering precompiled user dll's ...
Registered in 0.000586 seconds.
Begin MonoManager ReloadAssembly
Native extension for WindowsStandalone target not found
Refreshing native plugins compatible for Editor in 0.25 ms, found 0 plugins.
Preloading 0 native plugins for Editor in 0.00 ms.
Mono: successfully reloaded assembly
- Completed reload, in  0.654 seconds
Platform modules already initialized, skipping
Refreshing native plugins compatible for Editor in 0.26 ms, found 0 plugins.
Preloading 0 native plugins for Editor in 0.00 ms.
Unloading 1184 Unused Serialized files (Serialized files now loaded: 0)
System memory in use before: 92.7 MB.
System memory in use after: 92.8 MB.

Unloading 4 unused Assets to reduce memory usage. Loaded Objects now: 1789.
Total: 1.635800 ms (FindLiveObjects: 0.229900 ms CreateObjectMapping: 0.042500 ms MarkObjects: 1.351000 ms  DeleteObjects: 0.011300 ms)

========================================================================
Received Prepare
Registering precompiled user dll's ...
Registered in 0.000928 seconds.
Begin MonoManager ReloadAssembly
Native extension for WindowsStandalone target not found
Refreshing native plugins compatible for Editor in 0.30 ms, found 0 plugins.
Preloading 0 native plugins for Editor in 0.00 ms.
Mono: successfully reloaded assembly
- Completed reload, in  0.774 seconds
Platform modules already initialized, skipping
Refreshing native plugins compatible for Editor in 0.40 ms, found 0 plugins.
Preloading 0 native plugins for Editor in 0.00 ms.
Unloading 1184 Unused Serialized files (Serialized files now loaded: 0)
System memory in use before: 92.7 MB.
System memory in use after: 92.8 MB.

Unloading 4 unused Assets to reduce memory usage. Loaded Objects now: 1792.
Total: 2.407000 ms (FindLiveObjects: 0.219500 ms CreateObjectMapping: 0.070400 ms MarkObjects: 2.098200 ms  DeleteObjects: 0.017800 ms)

========================================================================
Received Prepare
Registering precompiled user dll's ...
Registered in 0.000821 seconds.
Begin MonoManager ReloadAssembly
Native extension for WindowsStandalone target not found
Refreshing native plugins compatible for Editor in 0.69 ms, found 0 plugins.
Preloading 0 native plugins for Editor in 0.00 ms.
Mono: successfully reloaded assembly
- Completed reload, in  1.000 seconds
Platform modules already initialized, skipping
Refreshing native plugins compatible for Editor in 0.31 ms, found 0 plugins.
Preloading 0 native plugins for Editor in 0.00 ms.
Unloading 1184 Unused Serialized files (Serialized files now loaded: 0)
System memory in use before: 92.7 MB.
System memory in use after: 92.8 MB.

Unloading 4 unused Assets to reduce memory usage. Loaded Objects now: 1795.
Total: 11.086100 ms (FindLiveObjects: 0.938500 ms CreateObjectMapping: 0.267500 ms MarkObjects: 9.798100 ms  DeleteObjects: 0.075200 ms)

========================================================================
Received Prepare
Registering precompiled user dll's ...
Registered in 0.000765 seconds.
Begin MonoManager ReloadAssembly
Native extension for WindowsStandalone target not found
Refreshing native plugins compatible for Editor in 0.31 ms, found 0 plugins.
Preloading 0 native plugins for Editor in 0.00 ms.
Mono: successfully reloaded assembly
- Completed reload, in  0.658 seconds
Platform modules already initialized, skipping
Refreshing native plugins compatible for Editor in 0.29 ms, found 0 plugins.
Preloading 0 native plugins for Editor in 0.00 ms.
Unloading 1184 Unused Serialized files (Serialized files now loaded: 0)
System memory in use before: 92.7 MB.
System memory in use after: 92.8 MB.

Unloading 4 unused Assets to reduce memory usage. Loaded Objects now: 1798.
Total: 2.341000 ms (FindLiveObjects: 0.298100 ms CreateObjectMapping: 0.098300 ms MarkObjects: 1.924800 ms  DeleteObjects: 0.018000 ms)

========================================================================
Received Import Request.
  Time since last request: 1976.113670 seconds.
  path: Assets/Scenes/Level1.unity
  artifactKey: Guid(b5a23c5e60050a24da73ceba21634cb9) Importer(815301076,1909f56bfc062723c751e8b465ee728b)
Start importing Assets/Scenes/Level1.unity using Guid(b5a23c5e60050a24da73ceba21634cb9) Importer(815301076,1909f56bfc062723c751e8b465ee728b)  -> (artifact id: '5d424ccc4febd2abef6322df3bc2c348') in 0.010180 seconds
  Import took 0.012603 seconds .

========================================================================
Received Prepare
Registering precompiled user dll's ...
Registered in 0.001180 seconds.
Begin MonoManager ReloadAssembly
Native extension for WindowsStandalone target not found
Refreshing native plugins compatible for Editor in 0.55 ms, found 0 plugins.
Preloading 0 native plugins for Editor in 0.00 ms.
Mono: successfully reloaded assembly
- Completed reload, in  1.544 seconds
Platform modules already initialized, skipping
Refreshing native plugins compatible for Editor in 0.59 ms, found 0 plugins.
Preloading 0 native plugins for Editor in 0.00 ms.
Unloading 1184 Unused Serialized files (Serialized files now loaded: 0)
System memory in use before: 92.7 MB.
System memory in use after: 92.8 MB.

Unloading 4 unused Assets to reduce memory usage. Loaded Objects now: 1801.
Total: 3.905700 ms (FindLiveObjects: 0.495800 ms CreateObjectMapping: 0.117800 ms MarkObjects: 3.252400 ms  DeleteObjects: 0.028100 ms)

========================================================================
Received Import Request.
  Time since last request: 2168.760652 seconds.
  path: Assets/Scenes/Level3.unity
  artifactKey: Guid(d59c133cb4a832243b001f9df92931bf) Importer(815301076,1909f56bfc062723c751e8b465ee728b)
Start importing Assets/Scenes/Level3.unity using Guid(d59c133cb4a832243b001f9df92931bf) Importer(815301076,1909f56bfc062723c751e8b465ee728b)  -> (artifact id: '01db383799446c70335e0245d82d6120') in 0.038954 seconds
  Import took 0.044133 seconds .

========================================================================
Received Import Request.
  Time since last request: 0.002527 seconds.
  path: Assets/Scenes/Level3.unity
  artifactKey: Guid(d59c133cb4a832243b001f9df92931bf) Importer(815301076,1909f56bfc062723c751e8b465ee728b)
Start importing Assets/Scenes/Level3.unity using Guid(d59c133cb4a832243b001f9df92931bf) Importer(815301076,1909f56bfc062723c751e8b465ee728b)  -> (artifact id: '01db383799446c70335e0245d82d6120') in 0.004374 seconds
  Import took 0.008405 seconds .

========================================================================
Received Import Request.
  Time since last request: 95.457464 seconds.
  path: Assets/Textures/kitchen_floor.jpg
  artifactKey: Guid(0be152e49da7b3649ade955e17874f28) Importer(815301076,1909f56bfc062723c751e8b465ee728b)
Start importing Assets/Textures/kitchen_floor.jpg using Guid(0be152e49da7b3649ade955e17874f28) Importer(815301076,1909f56bfc062723c751e8b465ee728b)  -> (artifact id: 'bf350b3caf7019c8a83aa8c674b55ae2') in 0.084769 seconds
  Import took 0.087726 seconds .

========================================================================
Received Prepare
Registering precompiled user dll's ...
Registered in 0.001314 seconds.
Begin MonoManager ReloadAssembly
Native extension for WindowsStandalone target not found
Refreshing native plugins compatible for Editor in 0.47 ms, found 0 plugins.
Preloading 0 native plugins for Editor in 0.00 ms.
Mono: successfully reloaded assembly
- Completed reload, in  1.193 seconds
Platform modules already initialized, skipping
Refreshing native plugins compatible for Editor in 0.47 ms, found 0 plugins.
Preloading 0 native plugins for Editor in 0.00 ms.
Unloading 1184 Unused Serialized files (Serialized files now loaded: 0)
System memory in use before: 92.7 MB.
System memory in use after: 92.8 MB.

Unloading 4 unused Assets to reduce memory usage. Loaded Objects now: 1805.
Total: 2.488300 ms (FindLiveObjects: 0.324600 ms CreateObjectMapping: 0.083600 ms MarkObjects: 2.061500 ms  DeleteObjects: 0.016900 ms)

========================================================================
Received Import Request.
  Time since last request: 2988.705020 seconds.
  path: Assets/Scenes/Level3.unity
  artifactKey: Guid(d59c133cb4a832243b001f9df92931bf) Importer(815301076,1909f56bfc062723c751e8b465ee728b)
Start importing Assets/Scenes/Level3.unity using Guid(d59c133cb4a832243b001f9df92931bf) Importer(815301076,1909f56bfc062723c751e8b465ee728b)  -> (artifact id: 'e38417b2b63df9208f907895ce164fe1') in 0.024697 seconds
  Import took 0.030038 seconds .

========================================================================
Received Prepare
Registering precompiled user dll's ...
Registered in 0.000756 seconds.
Begin MonoManager ReloadAssembly
Native extension for WindowsStandalone target not found
Refreshing native plugins compatible for Editor in 0.56 ms, found 0 plugins.
Preloading 0 native plugins for Editor in 0.00 ms.
Mono: successfully reloaded assembly
- Completed reload, in  1.857 seconds
Platform modules already initialized, skipping
Refreshing native plugins compatible for Editor in 0.61 ms, found 0 plugins.
Preloading 0 native plugins for Editor in 0.00 ms.
Unloading 1184 Unused Serialized files (Serialized files now loaded: 0)
System memory in use before: 92.8 MB.
System memory in use after: 92.9 MB.

Unloading 4 unused Assets to reduce memory usage. Loaded Objects now: 1808.
Total: 4.144000 ms (FindLiveObjects: 0.409800 ms CreateObjectMapping: 0.152800 ms MarkObjects: 3.550200 ms  DeleteObjects: 0.028100 ms)

========================================================================
Received Import Request.
  Time since last request: 8.336425 seconds.
  path: Assets/Scenes/Level3 1.unity
  artifactKey: Guid(0fae36ac0af024746acfe368d370d638) Importer(815301076,1909f56bfc062723c751e8b465ee728b)
Start importing Assets/Scenes/Level3 1.unity using Guid(0fae36ac0af024746acfe368d370d638) Importer(815301076,1909f56bfc062723c751e8b465ee728b)  -> (artifact id: '07d90730a03fd9d66f1e57cf76e151b0') in 0.031478 seconds
  Import took 0.036715 seconds .

========================================================================
Received Import Request.
  Time since last request: 3.650705 seconds.
  path: Assets/Scenes/Level4.unity
  artifactKey: Guid(0fae36ac0af024746acfe368d370d638) Importer(815301076,1909f56bfc062723c751e8b465ee728b)
Start importing Assets/Scenes/Level4.unity using Guid(0fae36ac0af024746acfe368d370d638) Importer(815301076,1909f56bfc062723c751e8b465ee728b)  -> (artifact id: '722f571710bc9257d313f3315286538f') in 0.009841 seconds
  Import took 0.012893 seconds .

========================================================================
Received Prepare
Registering precompiled user dll's ...
Registered in 0.001886 seconds.
Begin MonoManager ReloadAssembly
Native extension for WindowsStandalone target not found
Refreshing native plugins compatible for Editor in 0.69 ms, found 0 plugins.
Preloading 0 native plugins for Editor in 0.00 ms.
Mono: successfully reloaded assembly
- Completed reload, in  1.184 seconds
Platform modules already initialized, skipping
Refreshing native plugins compatible for Editor in 0.33 ms, found 0 plugins.
Preloading 0 native plugins for Editor in 0.00 ms.
Unloading 1184 Unused Serialized files (Serialized files now loaded: 0)
System memory in use before: 92.8 MB.
System memory in use after: 92.9 MB.

Unloading 4 unused Assets to reduce memory usage. Loaded Objects now: 1811.
Total: 4.556500 ms (FindLiveObjects: 0.501300 ms CreateObjectMapping: 0.136100 ms MarkObjects: 3.896300 ms  DeleteObjects: 0.021000 ms)

========================================================================
Received Prepare
Registering precompiled user dll's ...
Registered in 0.001581 seconds.
Begin MonoManager ReloadAssembly
Native extension for WindowsStandalone target not found
Refreshing native plugins compatible for Editor in 0.59 ms, found 0 plugins.
Preloading 0 native plugins for Editor in 0.00 ms.
Mono: successfully reloaded assembly
- Completed reload, in  1.654 seconds
Platform modules already initialized, skipping
Refreshing native plugins compatible for Editor in 0.63 ms, found 0 plugins.
Preloading 0 native plugins for Editor in 0.00 ms.
Unloading 1184 Unused Serialized files (Serialized files now loaded: 0)
System memory in use before: 92.8 MB.
System memory in use after: 92.9 MB.

Unloading 4 unused Assets to reduce memory usage. Loaded Objects now: 1814.
Total: 5.442800 ms (FindLiveObjects: 0.642400 ms CreateObjectMapping: 0.283200 ms MarkObjects: 4.474900 ms  DeleteObjects: 0.038700 ms)

========================================================================
Received Prepare
Registering precompiled user dll's ...
Registered in 0.002101 seconds.
Begin MonoManager ReloadAssembly
Native extension for WindowsStandalone target not found
Refreshing native plugins compatible for Editor in 0.54 ms, found 0 plugins.
Preloading 0 native plugins for Editor in 0.00 ms.
Mono: successfully reloaded assembly
- Completed reload, in  1.780 seconds
Platform modules already initialized, skipping
Refreshing native plugins compatible for Editor in 0.31 ms, found 0 plugins.
Preloading 0 native plugins for Editor in 0.00 ms.
Unloading 1184 Unused Serialized files (Serialized files now loaded: 0)
System memory in use before: 92.8 MB.
System memory in use after: 92.9 MB.

Unloading 4 unused Assets to reduce memory usage. Loaded Objects now: 1817.
Total: 2.046900 ms (FindLiveObjects: 0.164600 ms CreateObjectMapping: 0.043200 ms MarkObjects: 1.821300 ms  DeleteObjects: 0.016400 ms)

========================================================================
Received Prepare
Registering precompiled user dll's ...
Registered in 0.001292 seconds.
Begin MonoManager ReloadAssembly
Native extension for WindowsStandalone target not found
Refreshing native plugins compatible for Editor in 0.66 ms, found 0 plugins.
Preloading 0 native plugins for Editor in 0.00 ms.
Mono: successfully reloaded assembly
- Completed reload, in  1.480 seconds
Platform modules already initialized, skipping
Refreshing native plugins compatible for Editor in 0.60 ms, found 0 plugins.
Preloading 0 native plugins for Editor in 0.00 ms.
Unloading 1184 Unused Serialized files (Serialized files now loaded: 0)
System memory in use before: 92.8 MB.
System memory in use after: 92.9 MB.

Unloading 4 unused Assets to reduce memory usage. Loaded Objects now: 1820.
Total: 4.100500 ms (FindLiveObjects: 0.608800 ms CreateObjectMapping: 0.145200 ms MarkObjects: 3.312000 ms  DeleteObjects: 0.030900 ms)

========================================================================
Received Import Request.
  Time since last request: 1722.323153 seconds.
  path: Assets/Textures/floor_tiles.jpg
  artifactKey: Guid(8507a48a86f6c3242bf43588a1e6fa9c) Importer(815301076,1909f56bfc062723c751e8b465ee728b)
Start importing Assets/Textures/floor_tiles.jpg using Guid(8507a48a86f6c3242bf43588a1e6fa9c) Importer(815301076,1909f56bfc062723c751e8b465ee728b)  -> (artifact id: '725f91abc2121a1d066ffd0509826f5f') in 0.073775 seconds
  Import took 0.077166 seconds .

========================================================================
Received Import Request.
  Time since last request: 0.000285 seconds.
  path: Assets/Textures/T_Cucumber_01_AO.png
  artifactKey: Guid(c2f3d8f0e38afc8418df18e03c7c0ae6) Importer(815301076,1909f56bfc062723c751e8b465ee728b)
Start importing Assets/Textures/T_Cucumber_01_AO.png using Guid(c2f3d8f0e38afc8418df18e03c7c0ae6) Importer(815301076,1909f56bfc062723c751e8b465ee728b)  -> (artifact id: '6049ca3aab88a9ec2e7411e9f902686f') in 0.027195 seconds
  Import took 0.030374 seconds .

========================================================================
Received Import Request.
  Time since last request: 0.000445 seconds.
  path: Assets/Textures/Pan_DefaultMaterial_AO.tga
  artifactKey: Guid(910829566286697458f1032449deb49f) Importer(815301076,1909f56bfc062723c751e8b465ee728b)
Start importing Assets/Textures/Pan_DefaultMaterial_AO.tga using Guid(910829566286697458f1032449deb49f) Importer(815301076,1909f56bfc062723c751e8b465ee728b)  -> (artifact id: 'a27556fe5c11d1832a3a5440a3414698') in 0.035145 seconds
  Import took 0.038904 seconds .

========================================================================
Received Import Request.
  Time since last request: 0.000262 seconds.
  path: Assets/Textures/T_Cucumber_01_n.png
  artifactKey: Guid(d0ed5d681c6dab74891f11c8f84ec2dc) Importer(815301076,1909f56bfc062723c751e8b465ee728b)
Start importing Assets/Textures/T_Cucumber_01_n.png using Guid(d0ed5d681c6dab74891f11c8f84ec2dc) Importer(815301076,1909f56bfc062723c751e8b465ee728b)  -> (artifact id: '6c64e71c74ac1e75a73272a38d9897b3') in 0.022379 seconds
  Import took 0.026017 seconds .

========================================================================
Received Import Request.
  Time since last request: 0.000301 seconds.
  path: Assets/Textures/T_Cucumber_01_a.png
  artifactKey: Guid(00f5a7adb69fda142b093950b9bb2c81) Importer(815301076,1909f56bfc062723c751e8b465ee728b)
Start importing Assets/Textures/T_Cucumber_01_a.png using Guid(00f5a7adb69fda142b093950b9bb2c81) Importer(815301076,1909f56bfc062723c751e8b465ee728b)  -> (artifact id: '3c2285321343982178b4236d9ece63c6') in 0.023898 seconds
  Import took 0.027484 seconds .

========================================================================
Received Import Request.
  Time since last request: 0.000259 seconds.
  path: Assets/Textures/Onion.png
  artifactKey: Guid(8533bc1ebffaaa742b8be7f427939363) Importer(815301076,1909f56bfc062723c751e8b465ee728b)
Start importing Assets/Textures/Onion.png using Guid(8533bc1ebffaaa742b8be7f427939363) Importer(815301076,1909f56bfc062723c751e8b465ee728b)  -> (artifact id: '6c540d4323b6139716fcf722519617bd') in 0.027405 seconds
  Import took 0.031329 seconds .

========================================================================
Received Import Request.
  Time since last request: 0.000243 seconds.
  path: Assets/Textures/Pan_DefaultMaterial_AlbedoTransparency.tga
  artifactKey: Guid(fb9c022a4b3917142aa91686b253db29) Importer(815301076,1909f56bfc062723c751e8b465ee728b)
Start importing Assets/Textures/Pan_DefaultMaterial_AlbedoTransparency.tga using Guid(fb9c022a4b3917142aa91686b253db29) Importer(815301076,1909f56bfc062723c751e8b465ee728b)  -> (artifact id: '0f87808960091ce3e011159b4fcde605') in 0.027548 seconds
  Import took 0.030137 seconds .

========================================================================
Received Import Request.
  Time since last request: 0.000242 seconds.
  path: Assets/Textures/one-brick.jpg
  artifactKey: Guid(c5bc5182b91384d488e0e580a1c4e1aa) Importer(815301076,1909f56bfc062723c751e8b465ee728b)
Start importing Assets/Textures/one-brick.jpg using Guid(c5bc5182b91384d488e0e580a1c4e1aa) Importer(815301076,1909f56bfc062723c751e8b465ee728b)  -> (artifact id: 'a5e2b9f1682b106bfbe1ca1d40d5c023') in 0.016338 seconds
  Import took 0.020090 seconds .

========================================================================
Received Import Request.
  Time since last request: 0.000241 seconds.
  path: Assets/Textures/oven_01.png
  artifactKey: Guid(9f962f6056e9f9147a17716553e51637) Importer(815301076,1909f56bfc062723c751e8b465ee728b)
Start importing Assets/Textures/oven_01.png using Guid(9f962f6056e9f9147a17716553e51637) Importer(815301076,1909f56bfc062723c751e8b465ee728b)  -> (artifact id: 'eccc05012aa259292a7f0a3619536f67') in 0.024529 seconds
  Import took 0.027663 seconds .

========================================================================
Received Import Request.
  Time since last request: 0.000262 seconds.
  path: Assets/Textures/stone-wall.jpg
  artifactKey: Guid(b48273cd290cdb240bcea3edb27ed3f4) Importer(815301076,1909f56bfc062723c751e8b465ee728b)
Start importing Assets/Textures/stone-wall.jpg using Guid(b48273cd290cdb240bcea3edb27ed3f4) Importer(815301076,1909f56bfc062723c751e8b465ee728b)  -> (artifact id: '17d8603dd2d7f5ebf0cdc5d2c8a52dbd') in 0.020935 seconds
  Import took 0.024176 seconds .

========================================================================
Received Import Request.
  Time since last request: 0.000264 seconds.
  path: Assets/Textures/Mushroom2_Surface_Color.png
  artifactKey: Guid(59aa397567947e845b6008bde9477621) Importer(815301076,1909f56bfc062723c751e8b465ee728b)
Start importing Assets/Textures/Mushroom2_Surface_Color.png using Guid(59aa397567947e845b6008bde9477621) Importer(815301076,1909f56bfc062723c751e8b465ee728b)  -> (artifact id: 'bcc8000d3470c010d0af0ca0fd757052') in 0.020796 seconds
  Import took 0.023938 seconds .

========================================================================
Received Import Request.
  Time since last request: 0.000295 seconds.
  path: Assets/Textures/rocky_mountain.jpg
  artifactKey: Guid(1a38c92fc2dae6b4f9e2c506bd7a617e) Importer(815301076,1909f56bfc062723c751e8b465ee728b)
Start importing Assets/Textures/rocky_mountain.jpg using Guid(1a38c92fc2dae6b4f9e2c506bd7a617e) Importer(815301076,1909f56bfc062723c751e8b465ee728b)  -> (artifact id: 'c4d7afeba89b5f94eb077705a19af041') in 0.021307 seconds
  Import took 0.024359 seconds .

========================================================================
Received Import Request.
  Time since last request: 0.000259 seconds.
  path: Assets/Textures/square-mosaic.jpg
  artifactKey: Guid(4edc57bc2c24c9047b8532bc373d1acb) Importer(815301076,1909f56bfc062723c751e8b465ee728b)
Start importing Assets/Textures/square-mosaic.jpg using Guid(4edc57bc2c24c9047b8532bc373d1acb) Importer(815301076,1909f56bfc062723c751e8b465ee728b)  -> (artifact id: '403d44b927f40f75a0c978aafaa35b48') in 0.015918 seconds
  Import took 0.018378 seconds .

========================================================================
Received Import Request.
  Time since last request: 0.000295 seconds.
  path: Assets/Textures/mediterranean-wall.jpg
  artifactKey: Guid(059ab3caf479bcd4cb706f589504b5d5) Importer(815301076,1909f56bfc062723c751e8b465ee728b)
Start importing Assets/Textures/mediterranean-wall.jpg using Guid(059ab3caf479bcd4cb706f589504b5d5) Importer(815301076,1909f56bfc062723c751e8b465ee728b)  -> (artifact id: '31b5636cd17f8c591b1a504c537c1bc3') in 0.018575 seconds
  Import took 0.020925 seconds .

========================================================================
Received Import Request.
  Time since last request: 0.000278 seconds.
  path: Assets/Textures/Plate_DefaultMaterial_AlbedoTransparency.tga
  artifactKey: Guid(b055054c36a62724984faebc0cbf9181) Importer(815301076,1909f56bfc062723c751e8b465ee728b)
Start importing Assets/Textures/Plate_DefaultMaterial_AlbedoTransparency.tga using Guid(b055054c36a62724984faebc0cbf9181) Importer(815301076,1909f56bfc062723c751e8b465ee728b)  -> (artifact id: '63651665b9f5c075d2511c6814c65ed8') in 0.014356 seconds
  Import took 0.017252 seconds .

========================================================================
Received Import Request.
  Time since last request: 0.000287 seconds.
  path: Assets/Textures/KnifeKitchen_DefaultMaterial_Normal.tga
  artifactKey: Guid(eba6fe24f2c980e42ace5489139f3fe2) Importer(815301076,1909f56bfc062723c751e8b465ee728b)
Start importing Assets/Textures/KnifeKitchen_DefaultMaterial_Normal.tga using Guid(eba6fe24f2c980e42ace5489139f3fe2) Importer(815301076,1909f56bfc062723c751e8b465ee728b)  -> (artifact id: '6565074aefc48db69dd34cf914b9657d') in 0.033558 seconds
  Import took 0.036651 seconds .

========================================================================
Received Import Request.
  Time since last request: 0.000236 seconds.
  path: Assets/Textures/window.jpg
  artifactKey: Guid(49ed614a8f600fc45ad4b81990822105) Importer(815301076,1909f56bfc062723c751e8b465ee728b)
Start importing Assets/Textures/window.jpg using Guid(49ed614a8f600fc45ad4b81990822105) Importer(815301076,1909f56bfc062723c751e8b465ee728b)  -> (artifact id: '1807094aa85dc3fe1d9080a7faea33cb') in 0.015832 seconds
  Import took 0.019654 seconds .

========================================================================
Received Import Request.
  Time since last request: 0.000298 seconds.
  path: Assets/Textures/table_DefaultMaterial_Normal.tga
  artifactKey: Guid(afcfaca74ac82054bbd8577f13982d61) Importer(815301076,1909f56bfc062723c751e8b465ee728b)
Start importing Assets/Textures/table_DefaultMaterial_Normal.tga using Guid(afcfaca74ac82054bbd8577f13982d61) Importer(815301076,1909f56bfc062723c751e8b465ee728b)  -> (artifact id: 'cadeceb4e720e906a8d76f498abdf648') in 0.015256 seconds
  Import took 0.018090 seconds .

========================================================================
Received Import Request.
  Time since last request: 0.000340 seconds.
  path: Assets/Textures/KnifeKitchen_DefaultMaterial_AlbedoTransparency.tga
  artifactKey: Guid(a57d2fcdc37d3c442b98b85ecce576fb) Importer(815301076,1909f56bfc062723c751e8b465ee728b)
Start importing Assets/Textures/KnifeKitchen_DefaultMaterial_AlbedoTransparency.tga using Guid(a57d2fcdc37d3c442b98b85ecce576fb) Importer(815301076,1909f56bfc062723c751e8b465ee728b)  -> (artifact id: 'd2c50c58a6fda84e99e6981d65433fab') in 0.016775 seconds
  Import took 0.020131 seconds .

========================================================================
Received Import Request.
  Time since last request: 0.000263 seconds.
  path: Assets/Textures/OliveOilLabel.png
  artifactKey: Guid(c3ff7b31367ff30428a657c7c35127c5) Importer(815301076,1909f56bfc062723c751e8b465ee728b)
Start importing Assets/Textures/OliveOilLabel.png using Guid(c3ff7b31367ff30428a657c7c35127c5) Importer(815301076,1909f56bfc062723c751e8b465ee728b)  -> (artifact id: 'a06b3289d0cd85713c0c7e36c7599a2e') in 0.012755 seconds
  Import took 0.015457 seconds .

========================================================================
Received Import Request.
  Time since last request: 0.000296 seconds.
  path: Assets/Textures/kitchen_wall.jpg
  artifactKey: Guid(6015fd7f594e4b849b052799e12dc504) Importer(815301076,1909f56bfc062723c751e8b465ee728b)
Start importing Assets/Textures/kitchen_wall.jpg using Guid(6015fd7f594e4b849b052799e12dc504) Importer(815301076,1909f56bfc062723c751e8b465ee728b)  -> (artifact id: '89b6a2b5b94b7c951051d6842edd9421') in 0.016908 seconds
  Import took 0.020068 seconds .

========================================================================
Received Import Request.
  Time since last request: 0.000319 seconds.
  path: Assets/Textures/Strawberry.jpg
  artifactKey: Guid(b59f035d80c60a7469d51441ba59dba8) Importer(815301076,1909f56bfc062723c751e8b465ee728b)
Start importing Assets/Textures/Strawberry.jpg using Guid(b59f035d80c60a7469d51441ba59dba8) Importer(815301076,1909f56bfc062723c751e8b465ee728b)  -> (artifact id: 'e7ecd9aacf366180711bb4e06a9b3ea2') in 0.014535 seconds
  Import took 0.017190 seconds .

========================================================================
Received Import Request.
  Time since last request: 0.000285 seconds.
  path: Assets/Textures/Plate_DefaultMaterial_MetallicSmoothness.tga
  artifactKey: Guid(fc3cabafaf2d4ac4d88c6e4443217eca) Importer(815301076,1909f56bfc062723c751e8b465ee728b)
Start importing Assets/Textures/Plate_DefaultMaterial_MetallicSmoothness.tga using Guid(fc3cabafaf2d4ac4d88c6e4443217eca) Importer(815301076,1909f56bfc062723c751e8b465ee728b)  -> (artifact id: '4c8e82a03a16b6c6bfa44e07b23ca9cc') in 0.017297 seconds
  Import took 0.020684 seconds .

========================================================================
Received Import Request.
  Time since last request: 0.000445 seconds.
  path: Assets/Textures/wood_cartoon.jpg
  artifactKey: Guid(d828cf93379ea0b4e8a87b25448fe83c) Importer(815301076,1909f56bfc062723c751e8b465ee728b)
Start importing Assets/Textures/wood_cartoon.jpg using Guid(d828cf93379ea0b4e8a87b25448fe83c) Importer(815301076,1909f56bfc062723c751e8b465ee728b)  -> (artifact id: '4872e0caf904ca247a104595da087532') in 0.013103 seconds
  Import took 0.016537 seconds .

========================================================================
Received Import Request.
  Time since last request: 0.000459 seconds.
  path: Assets/Textures/Pan_DefaultMaterial_Normal.tga
  artifactKey: Guid(d0024837ac712a441882f5980e21e4b4) Importer(815301076,1909f56bfc062723c751e8b465ee728b)
Start importing Assets/Textures/Pan_DefaultMaterial_Normal.tga using Guid(d0024837ac712a441882f5980e21e4b4) Importer(815301076,1909f56bfc062723c751e8b465ee728b)  -> (artifact id: '1994289f192ce9d5f60c8cf40b0afb82') in 0.016977 seconds
  Import took 0.020040 seconds .

========================================================================
Received Import Request.
  Time since last request: 0.000226 seconds.
  path: Assets/Textures/Plate_DefaultMaterial_AO.tga
  artifactKey: Guid(81f9170bcf0e24a428501c650d7e97f1) Importer(815301076,1909f56bfc062723c751e8b465ee728b)
Start importing Assets/Textures/Plate_DefaultMaterial_AO.tga using Guid(81f9170bcf0e24a428501c650d7e97f1) Importer(815301076,1909f56bfc062723c751e8b465ee728b)  -> (artifact id: 'ebfa0532eb2ed1a539ed167d2680be14') in 0.017922 seconds
  Import took 0.020937 seconds .

========================================================================
Received Import Request.
  Time since last request: 0.000269 seconds.
  path: Assets/Textures/Mushroom1_Surface_Color.png
  artifactKey: Guid(c11715304be20324899b4fe6cdfe7650) Importer(815301076,1909f56bfc062723c751e8b465ee728b)
Start importing Assets/Textures/Mushroom1_Surface_Color.png using Guid(c11715304be20324899b4fe6cdfe7650) Importer(815301076,1909f56bfc062723c751e8b465ee728b)  -> (artifact id: '8a00f45a2ba244907e23c30728b34aa8') in 0.013344 seconds
  Import took 0.017286 seconds .

========================================================================
Received Import Request.
  Time since last request: 0.000289 seconds.
  path: Assets/Textures/Pan_DefaultMaterial_MetallicSmoothness.tga
  artifactKey: Guid(437c1a1717cfef648aca01e586101747) Importer(815301076,1909f56bfc062723c751e8b465ee728b)
Start importing Assets/Textures/Pan_DefaultMaterial_MetallicSmoothness.tga using Guid(437c1a1717cfef648aca01e586101747) Importer(815301076,1909f56bfc062723c751e8b465ee728b)  -> (artifact id: '8c744c48b436eca2b35e13a99a0fedc4') in 0.028153 seconds
  Import took 0.030613 seconds .

========================================================================
Received Import Request.
  Time since last request: 0.000314 seconds.
  path: Assets/Textures/Mushroom3_Surface_Color.png
  artifactKey: Guid(d81b141c60a71024287f8b4821f029a6) Importer(815301076,1909f56bfc062723c751e8b465ee728b)
Start importing Assets/Textures/Mushroom3_Surface_Color.png using Guid(d81b141c60a71024287f8b4821f029a6) Importer(815301076,1909f56bfc062723c751e8b465ee728b)  -> (artifact id: '8f4db2bbd2c61086b9aba37e4cad8e7f') in 0.023192 seconds
  Import took 0.026696 seconds .

========================================================================
Received Prepare
Registering precompiled user dll's ...
Registered in 0.000884 seconds.
Begin MonoManager ReloadAssembly
Native extension for WindowsStandalone target not found
Refreshing native plugins compatible for Editor in 0.38 ms, found 0 plugins.
Preloading 0 native plugins for Editor in 0.00 ms.
Mono: successfully reloaded assembly
- Completed reload, in  1.395 seconds
Platform modules already initialized, skipping
Refreshing native plugins compatible for Editor in 0.86 ms, found 0 plugins.
Preloading 0 native plugins for Editor in 0.00 ms.
Unloading 1184 Unused Serialized files (Serialized files now loaded: 0)
System memory in use before: 92.9 MB.
System memory in use after: 93.0 MB.

Unloading 4 unused Assets to reduce memory usage. Loaded Objects now: 1827.
Total: 3.221500 ms (FindLiveObjects: 0.347000 ms CreateObjectMapping: 0.106700 ms MarkObjects: 2.699800 ms  DeleteObjects: 0.066500 ms)

========================================================================
Received Prepare
Registering precompiled user dll's ...
Registered in 0.000856 seconds.
Begin MonoManager ReloadAssembly
Native extension for WindowsStandalone target not found
Refreshing native plugins compatible for Editor in 0.31 ms, found 0 plugins.
Preloading 0 native plugins for Editor in 0.00 ms.
Mono: successfully reloaded assembly
- Completed reload, in  1.657 seconds
Platform modules already initialized, skipping
Refreshing native plugins compatible for Editor in 0.52 ms, found 0 plugins.
Preloading 0 native plugins for Editor in 0.00 ms.
Unloading 1184 Unused Serialized files (Serialized files now loaded: 0)
System memory in use before: 92.9 MB.
System memory in use after: 93.0 MB.

Unloading 4 unused Assets to reduce memory usage. Loaded Objects now: 1830.
Total: 4.351200 ms (FindLiveObjects: 0.416400 ms CreateObjectMapping: 0.119200 ms MarkObjects: 3.787700 ms  DeleteObjects: 0.025600 ms)

========================================================================
Received Prepare
Registering precompiled user dll's ...
Registered in 0.001198 seconds.
Begin MonoManager ReloadAssembly
Native extension for WindowsStandalone target not found
Refreshing native plugins compatible for Editor in 0.55 ms, found 0 plugins.
Preloading 0 native plugins for Editor in 0.00 ms.
Mono: successfully reloaded assembly
- Completed reload, in  2.207 seconds
Platform modules already initialized, skipping
Refreshing native plugins compatible for Editor in 0.39 ms, found 0 plugins.
Preloading 0 native plugins for Editor in 0.00 ms.
Unloading 1184 Unused Serialized files (Serialized files now loaded: 0)
System memory in use before: 92.9 MB.
System memory in use after: 93.0 MB.

Unloading 4 unused Assets to reduce memory usage. Loaded Objects now: 1833.
Total: 2.956800 ms (FindLiveObjects: 0.319000 ms CreateObjectMapping: 0.085400 ms MarkObjects: 2.517000 ms  DeleteObjects: 0.032600 ms)

========================================================================
Received Import Request.
  Time since last request: 583.601163 seconds.
  path: Assets/Scenes/Level1.unity
  artifactKey: Guid(b5a23c5e60050a24da73ceba21634cb9) Importer(815301076,1909f56bfc062723c751e8b465ee728b)
Start importing Assets/Scenes/Level1.unity using Guid(b5a23c5e60050a24da73ceba21634cb9) Importer(815301076,1909f56bfc062723c751e8b465ee728b)  -> (artifact id: '2c0aeeadbddfbc717c72fb424ba63d6e') in 0.015370 seconds
  Import took 0.018388 seconds .

========================================================================
Received Prepare
Registering precompiled user dll's ...
Registered in 0.000920 seconds.
Begin MonoManager ReloadAssembly
Native extension for WindowsStandalone target not found
Refreshing native plugins compatible for Editor in 0.55 ms, found 0 plugins.
Preloading 0 native plugins for Editor in 0.00 ms.
Mono: successfully reloaded assembly
- Completed reload, in  1.838 seconds
Platform modules already initialized, skipping
Refreshing native plugins compatible for Editor in 0.60 ms, found 0 plugins.
Preloading 0 native plugins for Editor in 0.00 ms.
Unloading 1184 Unused Serialized files (Serialized files now loaded: 0)
System memory in use before: 92.9 MB.
System memory in use after: 93.0 MB.

Unloading 4 unused Assets to reduce memory usage. Loaded Objects now: 1836.
Total: 3.852300 ms (FindLiveObjects: 0.356700 ms CreateObjectMapping: 0.104500 ms MarkObjects: 3.355100 ms  DeleteObjects: 0.032600 ms)

========================================================================
Received Import Request.
  Time since last request: 311.156834 seconds.
  path: Assets/Scenes/Level2.unity
  artifactKey: Guid(d619480bf9f95b5449b390200df70bfe) Importer(815301076,1909f56bfc062723c751e8b465ee728b)
Start importing Assets/Scenes/Level2.unity using Guid(d619480bf9f95b5449b390200df70bfe) Importer(815301076,1909f56bfc062723c751e8b465ee728b)  -> (artifact id: 'd3e6f78e45d4ece04de43e19f6470364') in 0.013249 seconds
  Import took 0.016569 seconds .

========================================================================
Received Prepare
Registering precompiled user dll's ...
Registered in 0.001059 seconds.
Begin MonoManager ReloadAssembly
Native extension for WindowsStandalone target not found
Refreshing native plugins compatible for Editor in 0.59 ms, found 0 plugins.
Preloading 0 native plugins for Editor in 0.00 ms.
Mono: successfully reloaded assembly
- Completed reload, in  2.302 seconds
Platform modules already initialized, skipping
Refreshing native plugins compatible for Editor in 0.30 ms, found 0 plugins.
Preloading 0 native plugins for Editor in 0.00 ms.
Unloading 1184 Unused Serialized files (Serialized files now loaded: 0)
System memory in use before: 92.9 MB.
System memory in use after: 93.0 MB.

Unloading 4 unused Assets to reduce memory usage. Loaded Objects now: 1839.
Total: 2.263000 ms (FindLiveObjects: 0.229100 ms CreateObjectMapping: 0.113400 ms MarkObjects: 1.897800 ms  DeleteObjects: 0.020200 ms)

AssetImportWorkerClient::OnTransportError - code=2 error=End of file
