Using pre-set license
Built from '2020.3/staging' branch; Version is '2020.3.6f1 (338bb68529b2) revision 3378102'; Using compiler version '192528614'; Build Type 'Release'
OS: 'Windows 10 Home; OS build 19042.985; Version 2009; 64bit' Language: 'ca' Physical Memory: 16216 MB
BatchMode: 1, IsHumanControllingUs: 0, StartBugReporterOnCrash: 0, Is64bit: 1, IsPro: 0

 COMMAND LINE ARGUMENTS:
C:\Program Files\Unity\Hub\Editor\2020.3.6f1\Editor\Unity.exe
-adb2
-batchMode
-noUpm
-name
AssetImportWorker0
-projectPath
C:/Users/Jordi/Documents/GitHub/Overcooked/Sofregit
-logFile
Logs/AssetImportWorker0.log
-srvPort
52973
Successfully changed project path to: C:/Users/Jordi/Documents/GitHub/Overcooked/Sofregit
C:/Users/Jordi/Documents/GitHub/Overcooked/Sofregit
Using Asset Import Pipeline V2.
Refreshing native plugins compatible for Editor in 25.30 ms, found 0 plugins.
Preloading 0 native plugins for Editor in 0.00 ms.
Initialize engine version: 2020.3.6f1 (338bb68529b2)
[Subsystems] Discovering subsystems at path C:/Program Files/Unity/Hub/Editor/2020.3.6f1/Editor/Data/Resources/UnitySubsystems
[Subsystems] Discovering subsystems at path C:/Users/Jordi/Documents/GitHub/Overcooked/Sofregit/Assets
GfxDevice: creating device client; threaded=0
Direct3D:
    Version:  Direct3D 11.0 [level 11.1]
    Renderer: NVIDIA GeForce MX250 (ID=0x1d13)
    Vendor:   
    VRAM:     1983 MB
    Driver:   26.21.14.4145
Initialize mono
Mono path[0] = 'C:/Program Files/Unity/Hub/Editor/2020.3.6f1/Editor/Data/Managed'
Mono path[1] = 'C:/Program Files/Unity/Hub/Editor/2020.3.6f1/Editor/Data/MonoBleedingEdge/lib/mono/unityjit'
Mono config path = 'C:/Program Files/Unity/Hub/Editor/2020.3.6f1/Editor/Data/MonoBleedingEdge/etc'
Using monoOptions --debugger-agent=transport=dt_socket,embedding=1,server=y,suspend=n,address=127.0.0.1:56228
Begin MonoManager ReloadAssembly
Registering precompiled unity dll's ...
Register platform support module: C:/Program Files/Unity/Hub/Editor/2020.3.6f1/Editor/Data/PlaybackEngines/WindowsStandaloneSupport/UnityEditor.WindowsStandalone.Extensions.dll
Registered in 0.001572 seconds.
Native extension for WindowsStandalone target not found
Refreshing native plugins compatible for Editor in 24.09 ms, found 0 plugins.
Preloading 0 native plugins for Editor in 0.00 ms.
Mono: successfully reloaded assembly
- Completed reload, in  0.846 seconds
Platform modules already initialized, skipping
Registering precompiled user dll's ...
Registered in 0.000555 seconds.
Begin MonoManager ReloadAssembly
Native extension for WindowsStandalone target not found
Refreshing native plugins compatible for Editor in 0.29 ms, found 0 plugins.
Preloading 0 native plugins for Editor in 0.00 ms.
Mono: successfully reloaded assembly
- Completed reload, in  0.704 seconds
Platform modules already initialized, skipping
========================================================================
Worker process is ready to serve import requests
Launched and connected shader compiler UnityShaderCompiler.exe after 0.03 seconds
Refreshing native plugins compatible for Editor in 0.25 ms, found 0 plugins.
Preloading 0 native plugins for Editor in 0.00 ms.
Unloading 1198 Unused Serialized files (Serialized files now loaded: 0)
System memory in use before: 74.3 MB.
System memory in use after: 74.4 MB.

Unloading 9 unused Assets to reduce memory usage. Loaded Objects now: 1661.
Total: 1.708100 ms (FindLiveObjects: 0.170400 ms CreateObjectMapping: 0.043300 ms MarkObjects: 1.407600 ms  DeleteObjects: 0.086000 ms)

========================================================================
Received Import Request.
  path: Assets/CoffeeShopStarterPack/Scripts/CookableProduct.cs
  artifactKey: Guid(7d2989f76a9e7490491e087a24bf993e) Importer(815301076,1909f56bfc062723c751e8b465ee728b)
Start importing Assets/CoffeeShopStarterPack/Scripts/CookableProduct.cs using Guid(7d2989f76a9e7490491e087a24bf993e) Importer(815301076,1909f56bfc062723c751e8b465ee728b)  -> (artifact id: '502f6eb6ae5c3cfd01091a96213c37f8') in 0.025969 seconds
  Import took 0.027799 seconds .

========================================================================
Received Import Request.
  Time since last request: 533.357628 seconds.
  path: Assets/Textures/deeppan_DefaultMaterial_AlbedoTransparency.tga
  artifactKey: Guid(69c19094b13056141b29810c2549b668) Importer(815301076,1909f56bfc062723c751e8b465ee728b)
Start importing Assets/Textures/deeppan_DefaultMaterial_AlbedoTransparency.tga using Guid(69c19094b13056141b29810c2549b668) Importer(815301076,1909f56bfc062723c751e8b465ee728b)  -> (artifact id: '78f27399645b7bcab3725671d1c5cc66') in 0.061967 seconds
  Import took 0.065505 seconds .

========================================================================
Received Import Request.
  Time since last request: 189.129740 seconds.
  path: Assets/Textures/crate-top_potato.jpg
  artifactKey: Guid(a4d1b9a344ba89b429fff60643439425) Importer(815301076,1909f56bfc062723c751e8b465ee728b)
Start importing Assets/Textures/crate-top_potato.jpg using Guid(a4d1b9a344ba89b429fff60643439425) Importer(815301076,1909f56bfc062723c751e8b465ee728b)  -> (artifact id: '65c422c98b326e859aa6f9f9d17cb574') in 0.042213 seconds
  Import took 0.044336 seconds .

========================================================================
Received Prepare
Registering precompiled user dll's ...
Registered in 0.000476 seconds.
Begin MonoManager ReloadAssembly
Native extension for WindowsStandalone target not found
Refreshing native plugins compatible for Editor in 0.24 ms, found 0 plugins.
Preloading 0 native plugins for Editor in 0.00 ms.
Mono: successfully reloaded assembly
- Completed reload, in  0.658 seconds
Platform modules already initialized, skipping
Refreshing native plugins compatible for Editor in 0.25 ms, found 0 plugins.
Preloading 0 native plugins for Editor in 0.00 ms.
Unloading 1180 Unused Serialized files (Serialized files now loaded: 0)
System memory in use before: 73.0 MB.
System memory in use after: 73.1 MB.

Unloading 4 unused Assets to reduce memory usage. Loaded Objects now: 1666.
Total: 1.696700 ms (FindLiveObjects: 0.185200 ms CreateObjectMapping: 0.063600 ms MarkObjects: 1.435800 ms  DeleteObjects: 0.011200 ms)

========================================================================
Received Import Request.
  Time since last request: 516.586458 seconds.
  path: Assets/Scenes/Level1.unity
  artifactKey: Guid(b5a23c5e60050a24da73ceba21634cb9) Importer(815301076,1909f56bfc062723c751e8b465ee728b)
Start importing Assets/Scenes/Level1.unity using Guid(b5a23c5e60050a24da73ceba21634cb9) Importer(815301076,1909f56bfc062723c751e8b465ee728b)  -> (artifact id: '34b887ec643f0642821b7d54fb31e6d5') in 0.018034 seconds
  Import took 0.020116 seconds .

AssetImportWorkerClient::OnTransportError - code=2 error=End of file
